TN:
SF:src/App.jsx
FN:1,(empty-report)
FNF:1
FNH:0
FNDA:0,(empty-report)
DA:1,0
DA:2,0
DA:3,0
DA:4,0
DA:5,0
DA:6,0
DA:7,0
DA:8,0
DA:9,0
DA:10,0
DA:11,0
DA:12,0
DA:13,0
DA:14,0
DA:15,0
DA:16,0
DA:17,0
DA:18,0
DA:19,0
DA:20,0
DA:21,0
DA:22,0
DA:23,0
DA:24,0
DA:25,0
DA:26,0
DA:27,0
DA:28,0
DA:29,0
DA:30,0
DA:31,0
DA:32,0
DA:33,0
DA:34,0
DA:35,0
DA:36,0
DA:37,0
DA:38,0
DA:39,0
DA:40,0
DA:41,0
DA:42,0
DA:43,0
DA:44,0
DA:45,0
DA:46,0
DA:47,0
DA:48,0
LF:48
LH:0
BRDA:1,0,0,0
BRF:1
BRH:0
end_of_record
TN:
SF:src/Components/BulkUpload.jsx
FN:35,BulkUpload
FN:40,handleFileChange
FN:44,handleUpload
FNF:3
FNH:3
FNDA:17,BulkUpload
FNDA:4,handleFileChange
FNDA:5,handleUpload
DA:1,1
DA:2,1
DA:3,1
DA:4,1
DA:5,1
DA:6,1
DA:7,1
DA:8,1
DA:9,1
DA:10,1
DA:11,1
DA:12,1
DA:13,1
DA:14,1
DA:15,1
DA:16,1
DA:17,1
DA:18,1
DA:19,1
DA:20,1
DA:21,1
DA:22,1
DA:23,1
DA:24,1
DA:25,1
DA:26,1
DA:27,1
DA:28,1
DA:29,1
DA:30,1
DA:31,1
DA:32,1
DA:33,1
DA:34,1
DA:35,1
DA:36,17
DA:37,17
DA:38,17
DA:39,17
DA:40,17
DA:41,4
DA:42,4
DA:43,17
DA:44,17
DA:45,5
DA:46,1
DA:47,1
DA:48,1
DA:49,4
DA:50,4
DA:51,4
DA:52,4
DA:53,4
DA:54,4
DA:55,4
DA:56,4
DA:57,4
DA:58,4
DA:59,4
DA:60,4
DA:61,4
DA:62,4
DA:63,4
DA:64,5
DA:65,1
DA:66,1
DA:67,1
DA:68,4
DA:69,5
DA:70,1
DA:71,1
DA:72,1
DA:73,1
DA:74,1
DA:75,1
DA:76,5
DA:77,2
DA:78,2
DA:79,5
DA:80,4
DA:81,4
DA:82,5
DA:83,17
DA:84,17
DA:85,17
DA:86,17
DA:87,17
DA:88,17
DA:89,17
DA:90,17
DA:91,17
DA:92,17
DA:93,17
DA:94,17
DA:95,17
DA:96,17
DA:97,17
DA:98,17
DA:99,17
DA:100,17
DA:101,17
DA:102,17
DA:103,17
DA:104,17
DA:105,17
DA:106,17
DA:107,17
DA:108,17
DA:109,17
DA:110,17
DA:111,17
DA:112,17
DA:113,17
DA:114,17
DA:115,17
DA:116,17
DA:117,17
DA:118,17
DA:119,17
DA:120,17
DA:121,17
DA:122,17
DA:123,17
DA:124,17
DA:125,17
DA:126,17
DA:127,17
DA:128,17
DA:129,17
DA:130,17
DA:131,17
DA:132,17
DA:133,17
DA:134,17
DA:135,17
DA:136,17
DA:137,17
DA:138,17
DA:139,17
DA:140,17
DA:141,17
DA:142,17
DA:143,1
DA:144,1
LF:144
LH:144
BRDA:35,0,0,17
BRDA:135,1,0,4
BRDA:135,2,0,13
BRDA:40,3,0,4
BRDA:44,4,0,5
BRDA:45,5,0,1
BRDA:48,6,0,4
BRDA:64,7,0,1
BRDA:67,8,0,4
BRDA:68,9,0,2
BRDA:69,10,0,1
BRDA:76,11,0,2
BRDA:79,12,0,4
BRF:13
BRH:13
end_of_record
TN:
SF:src/Components/Bulklisting.jsx
FN:18,Bulk_Listing
FN:27,fetchData
FN:144,onPageChange
FN:146,onRowsPerPageChange
FNF:4
FNH:2
FNDA:9,Bulk_Listing
FNDA:5,fetchData
FNDA:0,onPageChange
FNDA:0,onRowsPerPageChange
DA:1,1
DA:2,1
DA:3,1
DA:4,1
DA:5,1
DA:6,1
DA:7,1
DA:8,1
DA:9,1
DA:10,1
DA:11,1
DA:12,1
DA:13,1
DA:14,1
DA:15,1
DA:16,1
DA:17,1
DA:18,9
DA:19,9
DA:20,9
DA:21,9
DA:22,9
DA:23,9
DA:24,9
DA:25,9
DA:26,9
DA:27,5
DA:28,5
DA:29,5
DA:30,5
DA:31,5
DA:32,5
DA:33,5
DA:34,5
DA:35,5
DA:36,5
DA:37,5
DA:38,5
DA:39,5
DA:40,5
DA:41,5
DA:42,2
DA:43,2
DA:44,2
DA:45,5
DA:46,3
DA:47,3
DA:48,2
DA:49,2
DA:50,2
DA:51,5
DA:52,3
DA:53,3
DA:54,5
DA:55,5
DA:56,9
DA:57,9
DA:58,9
DA:59,9
DA:60,9
DA:61,9
DA:62,9
DA:63,9
DA:64,9
DA:65,9
DA:66,9
DA:67,9
DA:68,9
DA:69,9
DA:70,9
DA:71,9
DA:72,9
DA:73,9
DA:74,9
DA:75,9
DA:76,9
DA:77,9
DA:78,9
DA:79,9
DA:80,9
DA:81,9
DA:82,9
DA:83,9
DA:84,9
DA:85,9
DA:86,9
DA:87,9
DA:88,9
DA:89,9
DA:90,9
DA:91,9
DA:92,9
DA:93,9
DA:94,9
DA:95,9
DA:96,9
DA:97,9
DA:98,9
DA:99,9
DA:100,9
DA:101,9
DA:102,9
DA:103,9
DA:104,9
DA:105,9
DA:106,9
DA:107,9
DA:108,9
DA:109,9
DA:110,9
DA:111,9
DA:112,9
DA:113,9
DA:114,9
DA:115,9
DA:116,9
DA:117,9
DA:118,9
DA:119,9
DA:120,9
DA:121,9
DA:122,9
DA:123,9
DA:124,9
DA:125,9
DA:126,9
DA:127,9
DA:128,9
DA:129,9
DA:130,9
DA:131,9
DA:132,9
DA:133,9
DA:134,9
DA:135,9
DA:136,9
DA:137,9
DA:138,9
DA:139,9
DA:140,9
DA:141,9
DA:142,9
DA:143,9
DA:144,9
DA:145,9
DA:146,9
DA:147,0
DA:148,0
DA:149,0
DA:150,9
DA:151,9
DA:152,9
DA:153,9
DA:154,9
DA:155,9
DA:156,1
DA:157,1
LF:157
LH:154
BRDA:18,0,0,9
BRDA:26,1,0,5
BRDA:27,2,0,5
BRDA:41,3,0,2
BRDA:45,4,0,3
BRDA:47,5,0,2
BRDA:51,6,0,3
BRDA:107,7,0,0
BRF:8
BRH:7
end_of_record
TN:
SF:src/Components/Create.jsx
FN:16,Create
FN:36,handleChange
FN:56,handleDateChange
FN:64,validateForm
FN:79,validateName
FN:84,validateAddress
FN:91,validateDescription
FN:97,validateDates
FN:112,validateBhktype
FN:117,validateOwner
FN:122,validatePrice
FN:126,handleSubmit
FN:285,onChange
FN:303,onChange
FNF:14
FNH:11
FNDA:17,Create
FNDA:13,handleChange
FNDA:0,handleDateChange
FNDA:2,validateForm
FNDA:2,validateName
FNDA:2,validateAddress
FNDA:2,validateDescription
FNDA:2,validateDates
FNDA:2,validateBhktype
FNDA:2,validateOwner
FNDA:2,validatePrice
FNDA:1,handleSubmit
FNDA:0,onChange
FNDA:0,onChange
DA:1,1
DA:2,1
DA:3,1
DA:4,1
DA:5,1
DA:6,1
DA:7,1
DA:8,1
DA:9,1
DA:10,1
DA:11,1
DA:12,1
DA:13,1
DA:14,1
DA:15,1
DA:16,1
DA:17,17
DA:18,17
DA:19,17
DA:20,17
DA:21,17
DA:22,17
DA:23,17
DA:24,17
DA:25,17
DA:26,17
DA:27,17
DA:28,17
DA:29,17
DA:30,17
DA:31,17
DA:32,17
DA:33,17
DA:34,17
DA:35,17
DA:36,17
DA:37,13
DA:38,13
DA:39,13
DA:40,13
DA:41,4
DA:42,4
DA:43,4
DA:44,4
DA:45,4
DA:46,4
DA:47,4
DA:48,13
DA:49,9
DA:50,9
DA:51,9
DA:52,9
DA:53,9
DA:54,13
DA:55,17
DA:56,17
DA:57,0
DA:58,0
DA:59,0
DA:60,0
DA:61,0
DA:62,0
DA:63,17
DA:64,17
DA:65,2
DA:66,2
DA:67,2
DA:68,2
DA:69,2
DA:70,2
DA:71,2
DA:72,2
DA:73,2
DA:74,2
DA:75,2
DA:76,2
DA:77,2
DA:78,17
DA:79,17
DA:80,2
DA:81,2
DA:82,2
DA:83,17
DA:84,17
DA:85,2
DA:86,2
DA:87,2
DA:88,2
DA:89,2
DA:90,17
DA:91,17
DA:92,2
DA:93,2
DA:94,2
DA:95,2
DA:96,17
DA:97,17
DA:98,2
DA:99,2
DA:100,2
DA:101,2
DA:102,2
DA:103,2
DA:104,2
DA:105,2
DA:106,2
DA:107,2
DA:108,0
DA:109,0
DA:110,2
DA:111,17
DA:112,17
DA:113,2
DA:114,2
DA:115,2
DA:116,17
DA:117,17
DA:118,2
DA:119,2
DA:120,2
DA:121,17
DA:122,17
DA:123,2
DA:124,2
DA:125,17
DA:126,17
DA:127,1
DA:128,1
DA:129,1
DA:130,0
DA:131,0
DA:132,0
DA:133,0
DA:134,0
DA:135,0
DA:136,0
DA:137,0
DA:138,0
DA:139,0
DA:140,0
DA:141,0
DA:142,0
DA:143,0
DA:144,0
DA:145,0
DA:146,0
DA:147,0
DA:148,0
DA:149,0
DA:150,0
DA:151,0
DA:152,0
DA:153,0
DA:154,0
DA:155,0
DA:156,1
DA:157,17
DA:158,17
DA:159,17
DA:160,17
DA:161,17
DA:162,17
DA:163,17
DA:164,17
DA:165,17
DA:166,17
DA:167,17
DA:168,17
DA:169,17
DA:170,17
DA:171,17
DA:172,17
DA:173,17
DA:174,17
DA:175,17
DA:176,17
DA:177,17
DA:178,17
DA:179,17
DA:180,17
DA:181,17
DA:182,17
DA:183,17
DA:184,17
DA:185,17
DA:186,17
DA:187,17
DA:188,17
DA:189,17
DA:190,17
DA:191,17
DA:192,17
DA:193,17
DA:194,17
DA:195,17
DA:196,17
DA:197,17
DA:198,17
DA:199,17
DA:200,17
DA:201,17
DA:202,17
DA:203,17
DA:204,17
DA:205,17
DA:206,17
DA:207,17
DA:208,17
DA:209,17
DA:210,17
DA:211,17
DA:212,17
DA:213,17
DA:214,17
DA:215,17
DA:216,17
DA:217,17
DA:218,17
DA:219,17
DA:220,17
DA:221,17
DA:222,17
DA:223,17
DA:224,17
DA:225,17
DA:226,17
DA:227,17
DA:228,17
DA:229,17
DA:230,17
DA:231,17
DA:232,17
DA:233,17
DA:234,17
DA:235,17
DA:236,17
DA:237,17
DA:238,17
DA:239,17
DA:240,17
DA:241,17
DA:242,17
DA:243,17
DA:244,17
DA:245,17
DA:246,17
DA:247,17
DA:248,17
DA:249,17
DA:250,17
DA:251,17
DA:252,17
DA:253,17
DA:254,17
DA:255,17
DA:256,17
DA:257,17
DA:258,17
DA:259,17
DA:260,17
DA:261,17
DA:262,17
DA:263,17
DA:264,17
DA:265,17
DA:266,17
DA:267,17
DA:268,17
DA:269,17
DA:270,17
DA:271,17
DA:272,17
DA:273,17
DA:274,17
DA:275,17
DA:276,17
DA:277,17
DA:278,17
DA:279,17
DA:280,17
DA:281,17
DA:282,17
DA:283,17
DA:284,17
DA:285,17
DA:286,0
DA:287,17
DA:288,17
DA:289,17
DA:290,17
DA:291,17
DA:292,17
DA:293,17
DA:294,17
DA:295,17
DA:296,17
DA:297,17
DA:298,17
DA:299,17
DA:300,17
DA:301,17
DA:302,17
DA:303,17
DA:304,17
DA:305,17
DA:306,17
DA:307,17
DA:308,17
DA:309,17
DA:310,17
DA:311,17
DA:312,17
DA:313,17
DA:314,17
DA:315,17
DA:316,17
DA:317,17
DA:318,17
DA:319,17
DA:320,17
DA:321,17
DA:322,17
DA:323,17
DA:324,17
DA:325,17
DA:326,17
DA:327,17
DA:328,17
DA:329,17
DA:330,17
DA:331,17
DA:332,1
DA:333,1
LF:333
LH:298
BRDA:16,0,0,17
BRDA:36,1,0,13
BRDA:40,2,0,4
BRDA:48,3,0,9
BRDA:41,4,0,4
BRDA:49,5,0,9
BRDA:64,6,0,2
BRDA:79,7,0,2
BRDA:84,8,0,2
BRDA:91,9,0,2
BRDA:92,10,0,0
BRDA:97,11,0,2
BRDA:107,12,0,0
BRDA:112,13,0,2
BRDA:117,14,0,2
BRDA:122,15,0,2
BRDA:123,16,0,0
BRDA:126,17,0,1
BRDA:129,18,0,0
BRF:19
BRH:15
end_of_record
TN:
SF:src/Components/DetailView.jsx
FN:15,DetailView
FN:21,fetchData
FNF:2
FNH:2
FNDA:5,DetailView
FNDA:3,fetchData
DA:1,1
DA:2,1
DA:3,1
DA:4,1
DA:5,1
DA:6,1
DA:7,1
DA:8,1
DA:9,1
DA:10,1
DA:11,1
DA:12,1
DA:13,1
DA:14,1
DA:15,5
DA:16,5
DA:17,5
DA:18,5
DA:19,5
DA:20,5
DA:21,3
DA:22,3
DA:23,3
DA:24,3
DA:25,3
DA:26,3
DA:27,3
DA:28,3
DA:29,3
DA:30,3
DA:31,3
DA:32,3
DA:33,3
DA:34,3
DA:35,1
DA:36,1
DA:37,1
DA:38,3
DA:39,2
DA:40,2
DA:41,1
DA:42,1
DA:43,1
DA:44,3
DA:45,2
DA:46,2
DA:47,3
DA:48,3
DA:49,5
DA:50,5
DA:51,5
DA:52,5
DA:53,5
DA:54,5
DA:55,5
DA:56,5
DA:57,5
DA:58,5
DA:59,5
DA:60,5
DA:61,5
DA:62,5
DA:63,5
DA:64,5
DA:65,5
DA:66,5
DA:67,5
DA:68,5
DA:69,5
DA:70,5
DA:71,5
DA:72,5
DA:73,5
DA:74,5
DA:75,5
DA:76,5
DA:77,5
DA:78,5
DA:79,5
DA:80,5
DA:81,5
DA:82,5
DA:83,5
DA:84,5
DA:85,5
DA:86,5
DA:87,5
DA:88,5
DA:89,5
DA:90,5
DA:91,5
DA:92,5
DA:93,5
DA:94,5
DA:95,5
DA:96,5
DA:97,5
DA:98,5
DA:99,5
DA:100,5
DA:101,5
DA:102,5
DA:103,5
DA:104,5
DA:105,5
DA:106,5
DA:107,5
DA:108,5
DA:109,5
DA:110,5
DA:111,5
DA:112,5
DA:113,5
DA:114,5
DA:115,5
DA:116,5
DA:117,5
DA:118,5
DA:119,5
DA:120,5
DA:121,5
DA:122,5
DA:123,5
DA:124,5
DA:125,5
DA:126,5
DA:127,5
DA:128,5
DA:129,5
DA:130,5
DA:131,5
DA:132,5
DA:133,5
DA:134,5
DA:135,5
DA:136,5
DA:137,5
DA:138,5
DA:139,5
DA:140,5
DA:141,5
DA:142,5
DA:143,5
DA:144,5
DA:145,5
DA:146,5
DA:147,1
DA:148,1
LF:148
LH:148
BRDA:15,0,0,5
BRDA:20,1,0,3
BRDA:21,2,0,3
BRDA:34,3,0,1
BRDA:38,4,0,2
BRDA:40,5,0,1
BRDA:44,6,0,2
BRDA:110,7,0,0
BRF:8
BRH:7
end_of_record
TN:
SF:src/Components/Edit.jsx
FN:18,Edit
FN:41,fetchData
FN:82,handleChange
FN:102,handleDateChange
FN:109,validateForm
FN:124,validateName
FN:129,validateAddress
FN:136,validateDescription
FN:142,validateDates
FN:153,validateFieldLength
FN:167,handleSubmit
FN:327,onChange
FN:345,onChange
FNF:13
FNH:10
FNDA:19,Edit
FNDA:5,fetchData
FNDA:10,handleChange
FNDA:0,handleDateChange
FNDA:1,validateForm
FNDA:1,validateName
FNDA:1,validateAddress
FNDA:1,validateDescription
FNDA:1,validateDates
FNDA:3,validateFieldLength
FNDA:1,handleSubmit
FNDA:0,onChange
FNDA:0,onChange
DA:1,1
DA:2,1
DA:3,1
DA:4,1
DA:5,1
DA:6,1
DA:7,1
DA:8,1
DA:9,1
DA:10,1
DA:11,1
DA:12,1
DA:13,1
DA:14,1
DA:15,1
DA:16,1
DA:17,1
DA:18,1
DA:19,19
DA:20,19
DA:21,19
DA:22,19
DA:23,19
DA:24,19
DA:25,19
DA:26,19
DA:27,19
DA:28,19
DA:29,19
DA:30,19
DA:31,19
DA:32,19
DA:33,19
DA:34,19
DA:35,19
DA:36,19
DA:37,19
DA:38,19
DA:39,19
DA:40,19
DA:41,5
DA:42,5
DA:43,5
DA:44,5
DA:45,5
DA:46,5
DA:47,5
DA:48,5
DA:49,5
DA:50,5
DA:51,1
DA:52,1
DA:53,1
DA:54,1
DA:55,1
DA:56,3
DA:57,2
DA:58,2
DA:59,2
DA:60,2
DA:61,2
DA:62,2
DA:63,2
DA:64,2
DA:65,2
DA:66,2
DA:67,2
DA:68,2
DA:69,2
DA:70,2
DA:71,2
DA:72,2
DA:73,2
DA:74,2
DA:75,5
DA:76,3
DA:77,3
DA:78,5
DA:79,5
DA:80,19
DA:81,19
DA:82,19
DA:83,10
DA:84,10
DA:85,10
DA:86,10
DA:87,4
DA:88,4
DA:89,4
DA:90,4
DA:91,4
DA:92,4
DA:93,4
DA:94,10
DA:95,6
DA:96,6
DA:97,6
DA:98,6
DA:99,6
DA:100,10
DA:101,19
DA:102,19
DA:103,0
DA:104,0
DA:105,0
DA:106,0
DA:107,0
DA:108,19
DA:109,19
DA:110,1
DA:111,1
DA:112,1
DA:113,1
DA:114,1
DA:115,1
DA:116,1
DA:117,1
DA:118,1
DA:119,1
DA:120,1
DA:121,1
DA:122,1
DA:123,19
DA:124,19
DA:125,1
DA:126,1
DA:127,1
DA:128,19
DA:129,19
DA:130,1
DA:131,1
DA:132,1
DA:133,1
DA:134,1
DA:135,19
DA:136,19
DA:137,1
DA:138,1
DA:139,1
DA:140,1
DA:141,19
DA:142,19
DA:143,1
DA:144,0
DA:145,0
DA:146,1
DA:147,0
DA:148,1
DA:149,0
DA:150,0
DA:151,1
DA:152,19
DA:153,19
DA:154,3
DA:155,3
DA:156,3
DA:157,3
DA:158,3
DA:159,3
DA:160,3
DA:161,0
DA:162,0
DA:163,0
DA:164,0
DA:165,3
DA:166,19
DA:167,19
DA:168,1
DA:169,1
DA:170,1
DA:171,0
DA:172,0
DA:173,0
DA:174,0
DA:175,0
DA:176,0
DA:177,0
DA:178,0
DA:179,0
DA:180,0
DA:181,0
DA:182,0
DA:183,0
DA:184,0
DA:185,0
DA:186,0
DA:187,0
DA:188,0
DA:189,0
DA:190,0
DA:191,0
DA:192,0
DA:193,0
DA:194,0
DA:195,0
DA:196,0
DA:197,0
DA:198,1
DA:199,19
DA:200,19
DA:201,19
DA:202,19
DA:203,19
DA:204,19
DA:205,19
DA:206,19
DA:207,19
DA:208,19
DA:209,19
DA:210,19
DA:211,19
DA:212,19
DA:213,19
DA:214,19
DA:215,19
DA:216,19
DA:217,19
DA:218,19
DA:219,19
DA:220,19
DA:221,19
DA:222,19
DA:223,19
DA:224,19
DA:225,19
DA:226,19
DA:227,19
DA:228,19
DA:229,19
DA:230,19
DA:231,19
DA:232,19
DA:233,19
DA:234,19
DA:235,19
DA:236,19
DA:237,19
DA:238,19
DA:239,19
DA:240,19
DA:241,19
DA:242,19
DA:243,19
DA:244,19
DA:245,19
DA:246,19
DA:247,19
DA:248,19
DA:249,19
DA:250,19
DA:251,19
DA:252,19
DA:253,19
DA:254,19
DA:255,19
DA:256,19
DA:257,19
DA:258,19
DA:259,19
DA:260,19
DA:261,19
DA:262,19
DA:263,19
DA:264,19
DA:265,19
DA:266,19
DA:267,19
DA:268,19
DA:269,19
DA:270,19
DA:271,19
DA:272,19
DA:273,19
DA:274,19
DA:275,19
DA:276,19
DA:277,19
DA:278,19
DA:279,19
DA:280,19
DA:281,19
DA:282,19
DA:283,19
DA:284,19
DA:285,19
DA:286,19
DA:287,19
DA:288,19
DA:289,19
DA:290,19
DA:291,19
DA:292,19
DA:293,19
DA:294,19
DA:295,19
DA:296,19
DA:297,19
DA:298,19
DA:299,19
DA:300,19
DA:301,19
DA:302,19
DA:303,19
DA:304,19
DA:305,19
DA:306,19
DA:307,19
DA:308,19
DA:309,19
DA:310,19
DA:311,19
DA:312,19
DA:313,19
DA:314,19
DA:315,19
DA:316,19
DA:317,19
DA:318,19
DA:319,19
DA:320,19
DA:321,19
DA:322,19
DA:323,19
DA:324,19
DA:325,19
DA:326,19
DA:327,19
DA:328,0
DA:329,19
DA:330,19
DA:331,19
DA:332,19
DA:333,19
DA:334,19
DA:335,19
DA:336,19
DA:337,19
DA:338,19
DA:339,19
DA:340,19
DA:341,19
DA:342,19
DA:343,19
DA:344,19
DA:345,19
DA:346,19
DA:347,19
DA:348,19
DA:349,19
DA:350,19
DA:351,19
DA:352,19
DA:353,19
DA:354,19
DA:355,19
DA:356,19
DA:357,19
DA:358,19
DA:359,19
DA:360,19
DA:361,19
DA:362,19
DA:363,19
DA:364,19
DA:365,19
DA:366,19
DA:367,19
DA:368,19
DA:369,19
DA:370,19
DA:371,19
DA:372,19
DA:373,19
DA:374,1
DA:375,1
LF:375
LH:333
BRDA:18,0,0,19
BRDA:40,1,0,5
BRDA:41,2,0,5
BRDA:49,3,0,4
BRDA:50,4,0,1
BRDA:55,5,0,3
BRDA:56,6,0,2
BRDA:75,7,0,3
BRDA:82,8,0,10
BRDA:86,9,0,4
BRDA:94,10,0,6
BRDA:87,11,0,4
BRDA:95,12,0,6
BRDA:109,13,0,1
BRDA:124,14,0,1
BRDA:125,15,0,0
BRDA:129,16,0,1
BRDA:130,17,0,0
BRDA:131,18,0,0
BRDA:132,19,0,0
BRDA:133,20,0,0
BRDA:136,21,0,1
BRDA:137,22,0,0
BRDA:142,23,0,1
BRDA:143,24,0,0
BRDA:146,25,0,0
BRDA:148,26,0,0
BRDA:153,27,0,3
BRDA:160,28,0,0
BRDA:167,29,0,1
BRDA:170,30,0,0
BRF:31
BRH:20
end_of_record
TN:
SF:src/Components/Listpage.jsx
FN:28,ListPage
FN:39,fetchData
FN:66,searchhandler
FN:91,onChange
FN:121,onClick
FN:136,onClick
FN:143,onClick
FN:253,onPageChange
FN:255,onRowsPerPageChange
FNF:9
FNH:4
FNDA:10,ListPage
FNDA:5,fetchData
FNDA:1,searchhandler
FNDA:0,onChange
FNDA:1,onClick
FNDA:0,onClick
FNDA:0,onClick
FNDA:0,onPageChange
FNDA:0,onRowsPerPageChange
DA:1,1
DA:2,1
DA:3,1
DA:4,1
DA:5,1
DA:6,1
DA:7,1
DA:8,1
DA:9,1
DA:10,1
DA:11,1
DA:12,1
DA:13,1
DA:14,1
DA:15,1
DA:16,1
DA:17,1
DA:18,1
DA:19,1
DA:20,1
DA:21,1
DA:22,1
DA:23,1
DA:24,1
DA:25,1
DA:26,1
DA:27,1
DA:28,10
DA:29,10
DA:30,10
DA:31,10
DA:32,10
DA:33,10
DA:34,10
DA:35,10
DA:36,10
DA:37,10
DA:38,10
DA:39,5
DA:40,5
DA:41,5
DA:42,5
DA:43,5
DA:44,5
DA:45,5
DA:46,5
DA:47,5
DA:48,5
DA:49,5
DA:50,5
DA:51,5
DA:52,5
DA:53,1
DA:54,1
DA:55,1
DA:56,4
DA:57,3
DA:58,3
DA:59,5
DA:60,2
DA:61,2
DA:62,5
DA:63,5
DA:64,10
DA:65,10
DA:66,10
DA:67,1
DA:68,1
DA:69,0
DA:70,0
DA:71,1
DA:72,10
DA:73,10
DA:74,10
DA:75,10
DA:76,10
DA:77,10
DA:78,10
DA:79,10
DA:80,10
DA:81,10
DA:82,10
DA:83,10
DA:84,10
DA:85,10
DA:86,10
DA:87,10
DA:88,10
DA:89,10
DA:90,10
DA:91,10
DA:92,10
DA:93,10
DA:94,10
DA:95,10
DA:96,10
DA:97,10
DA:98,10
DA:99,10
DA:100,10
DA:101,10
DA:102,10
DA:103,10
DA:104,10
DA:105,10
DA:106,10
DA:107,10
DA:108,10
DA:109,10
DA:110,10
DA:111,10
DA:112,10
DA:113,10
DA:114,10
DA:115,10
DA:116,10
DA:117,10
DA:118,10
DA:119,10
DA:120,10
DA:121,10
DA:122,1
DA:123,1
DA:124,10
DA:125,10
DA:126,10
DA:127,10
DA:128,10
DA:129,10
DA:130,10
DA:131,10
DA:132,10
DA:133,10
DA:134,10
DA:135,10
DA:136,10
DA:137,10
DA:138,10
DA:139,10
DA:140,10
DA:141,10
DA:142,10
DA:143,10
DA:144,10
DA:145,10
DA:146,10
DA:147,10
DA:148,10
DA:149,10
DA:150,10
DA:151,10
DA:152,10
DA:153,10
DA:154,10
DA:155,10
DA:156,10
DA:157,10
DA:158,10
DA:159,10
DA:160,10
DA:161,10
DA:162,10
DA:163,10
DA:164,10
DA:165,10
DA:166,10
DA:167,10
DA:168,10
DA:169,10
DA:170,10
DA:171,10
DA:172,10
DA:173,10
DA:174,10
DA:175,10
DA:176,10
DA:177,10
DA:178,10
DA:179,10
DA:180,10
DA:181,10
DA:182,10
DA:183,10
DA:184,10
DA:185,10
DA:186,10
DA:187,10
DA:188,10
DA:189,10
DA:190,9
DA:191,9
DA:192,9
DA:193,9
DA:194,9
DA:195,9
DA:196,10
DA:197,10
DA:198,10
DA:199,10
DA:200,10
DA:201,10
DA:202,10
DA:203,10
DA:204,10
DA:205,10
DA:206,10
DA:207,10
DA:208,10
DA:209,10
DA:210,10
DA:211,10
DA:212,10
DA:213,10
DA:214,10
DA:215,10
DA:216,10
DA:217,10
DA:218,10
DA:219,10
DA:220,10
DA:221,10
DA:222,10
DA:223,10
DA:224,10
DA:225,10
DA:226,10
DA:227,10
DA:228,10
DA:229,10
DA:230,10
DA:231,10
DA:232,10
DA:233,10
DA:234,10
DA:235,10
DA:236,10
DA:237,10
DA:238,10
DA:239,10
DA:240,10
DA:241,10
DA:242,10
DA:243,10
DA:244,10
DA:245,10
DA:246,10
DA:247,10
DA:248,10
DA:249,10
DA:250,10
DA:251,10
DA:252,10
DA:253,10
DA:254,10
DA:255,10
DA:256,0
DA:257,0
DA:258,0
DA:259,10
DA:260,10
DA:261,10
DA:262,10
DA:263,10
DA:264,10
DA:265,1
DA:266,1
LF:266
LH:261
BRDA:28,0,0,10
BRDA:189,1,0,9
BRDA:38,2,0,5
BRDA:39,3,0,5
BRDA:52,4,0,1
BRDA:55,5,0,4
BRDA:56,6,0,3
BRDA:59,7,0,2
BRDA:66,8,0,1
BRDA:68,9,0,0
BRDA:121,10,0,1
BRDA:201,11,0,0
BRF:12
BRH:10
end_of_record
TN:
SF:src/Components/Login.jsx
FN:13,Login
FN:23,validateEmail
FN:32,validatePassword
FN:47,handleSubmit
FN:88,onChange
FN:89,onBlur
FN:100,onChange
FN:101,onBlur
FNF:8
FNH:8
FNDA:21,Login
FNDA:4,validateEmail
FNDA:5,validatePassword
FNDA:3,handleSubmit
FNDA:4,onChange
FNDA:1,onBlur
FNDA:5,onChange
FNDA:2,onBlur
DA:1,1
DA:2,1
DA:3,1
DA:4,1
DA:5,1
DA:6,1
DA:7,1
DA:8,1
DA:9,1
DA:10,1
DA:11,1
DA:12,1
DA:13,1
DA:14,21
DA:15,21
DA:16,21
DA:17,21
DA:18,21
DA:19,21
DA:20,21
DA:21,21
DA:22,21
DA:23,21
DA:24,4
DA:25,2
DA:26,2
DA:27,2
DA:28,2
DA:29,2
DA:30,2
DA:31,21
DA:32,21
DA:33,5
DA:34,1
DA:35,1
DA:36,1
DA:37,5
DA:38,1
DA:39,1
DA:40,1
DA:41,1
DA:42,1
DA:43,3
DA:44,3
DA:45,3
DA:46,21
DA:47,21
DA:48,3
DA:49,3
DA:50,3
DA:51,3
DA:52,3
DA:53,2
DA:54,2
DA:55,2
DA:56,2
DA:57,2
DA:58,2
DA:59,2
DA:60,2
DA:61,2
DA:62,2
DA:63,2
DA:64,1
DA:65,1
DA:66,1
DA:67,1
DA:68,1
DA:69,1
DA:70,1
DA:71,2
DA:72,3
DA:73,21
DA:74,21
DA:75,21
DA:76,21
DA:77,21
DA:78,21
DA:79,21
DA:80,21
DA:81,21
DA:82,21
DA:83,21
DA:84,21
DA:85,21
DA:86,21
DA:87,21
DA:88,21
DA:89,21
DA:90,21
DA:91,21
DA:92,21
DA:93,21
DA:94,21
DA:95,21
DA:96,21
DA:97,21
DA:98,21
DA:99,21
DA:100,21
DA:101,21
DA:102,21
DA:103,21
DA:104,21
DA:105,21
DA:106,21
DA:107,21
DA:108,21
DA:109,21
DA:110,21
DA:111,21
DA:112,21
DA:113,21
DA:114,21
DA:115,21
DA:116,21
DA:117,21
DA:118,21
DA:119,21
DA:120,21
DA:121,21
DA:122,21
DA:123,21
DA:124,21
DA:125,1
DA:126,1
LF:126
LH:126
BRDA:13,0,0,21
BRDA:23,1,0,4
BRDA:24,2,0,2
BRDA:32,3,0,5
BRDA:33,4,0,1
BRDA:36,5,0,4
BRDA:37,6,0,1
BRDA:42,7,0,3
BRDA:47,8,0,3
BRDA:52,9,0,2
BRDA:52,10,0,2
BRDA:63,11,0,1
BRDA:88,12,0,4
BRDA:89,13,0,1
BRDA:100,14,0,5
BRDA:101,15,0,2
BRF:16
BRH:16
end_of_record
TN:
SF:src/Components/Logs.jsx
FN:16,Logs
FN:24,fetchData
FN:104,onPageChange
FN:106,onRowsPerPageChange
FNF:4
FNH:2
FNDA:7,Logs
FNDA:3,fetchData
FNDA:0,onPageChange
FNDA:0,onRowsPerPageChange
DA:1,1
DA:2,1
DA:3,1
DA:4,1
DA:5,1
DA:6,1
DA:7,1
DA:8,1
DA:9,1
DA:10,1
DA:11,1
DA:12,1
DA:13,1
DA:14,1
DA:15,1
DA:16,7
DA:17,7
DA:18,7
DA:19,7
DA:20,7
DA:21,7
DA:22,7
DA:23,7
DA:24,3
DA:25,3
DA:26,3
DA:27,3
DA:28,3
DA:29,3
DA:30,3
DA:31,3
DA:32,3
DA:33,3
DA:34,3
DA:35,3
DA:36,3
DA:37,3
DA:38,1
DA:39,1
DA:40,1
DA:41,3
DA:42,2
DA:43,2
DA:44,3
DA:45,1
DA:46,1
DA:47,3
DA:48,3
DA:49,7
DA:50,7
DA:51,7
DA:52,7
DA:53,7
DA:54,7
DA:55,7
DA:56,7
DA:57,7
DA:58,7
DA:59,7
DA:60,7
DA:61,7
DA:62,7
DA:63,7
DA:64,7
DA:65,7
DA:66,7
DA:67,7
DA:68,7
DA:69,7
DA:70,7
DA:71,7
DA:72,7
DA:73,7
DA:74,7
DA:75,7
DA:76,7
DA:77,7
DA:78,7
DA:79,7
DA:80,7
DA:81,7
DA:82,7
DA:83,7
DA:84,7
DA:85,7
DA:86,7
DA:87,7
DA:88,7
DA:89,7
DA:90,7
DA:91,7
DA:92,7
DA:93,7
DA:94,7
DA:95,7
DA:96,7
DA:97,7
DA:98,7
DA:99,7
DA:100,7
DA:101,7
DA:102,7
DA:103,7
DA:104,7
DA:105,7
DA:106,7
DA:107,0
DA:108,0
DA:109,0
DA:110,7
DA:111,7
DA:112,7
DA:113,7
DA:114,7
DA:115,7
DA:116,1
DA:117,1
LF:117
LH:114
BRDA:16,0,0,7
BRDA:23,1,0,3
BRDA:24,2,0,3
BRDA:37,3,0,1
BRDA:41,4,0,2
BRDA:44,5,0,1
BRDA:80,6,0,0
BRF:7
BRH:6
end_of_record
TN:
SF:src/Components/Privateroutes.jsx
FN:4,Privateroutes
FNF:1
FNH:1
FNDA:1,Privateroutes
DA:1,1
DA:2,1
DA:3,1
DA:4,1
DA:5,1
DA:6,1
DA:7,1
DA:8,1
DA:9,1
LF:9
LH:9
BRDA:4,0,0,1
BRF:1
BRH:1
end_of_record
TN:
SF:src/Components/SideNavbar.jsx
FN:18,SideNavbar
FN:33,handleNavigation
FN:39,handleLogout
FN:91,onClick
FN:122,onClick
FNF:5
FNH:1
FNDA:112,SideNavbar
FNDA:0,handleNavigation
FNDA:0,handleLogout
FNDA:0,onClick
FNDA:0,onClick
DA:1,1
DA:2,1
DA:3,1
DA:4,1
DA:5,1
DA:6,1
DA:7,1
DA:8,1
DA:9,1
DA:10,1
DA:11,1
DA:12,1
DA:13,1
DA:14,1
DA:15,1
DA:16,1
DA:17,1
DA:18,1
DA:19,112
DA:20,112
DA:21,112
DA:22,112
DA:23,112
DA:24,30
DA:25,3
DA:26,30
DA:27,0
DA:28,27
DA:29,27
DA:30,27
DA:31,112
DA:32,112
DA:33,112
DA:34,0
DA:35,0
DA:36,112
DA:37,112
DA:38,112
DA:39,112
DA:40,0
DA:41,0
DA:42,0
DA:43,112
DA:44,112
DA:45,112
DA:46,112
DA:47,112
DA:48,112
DA:49,112
DA:50,112
DA:51,112
DA:52,112
DA:53,112
DA:54,112
DA:55,112
DA:56,112
DA:57,112
DA:58,112
DA:59,112
DA:60,112
DA:61,112
DA:62,112
DA:63,112
DA:64,112
DA:65,112
DA:66,112
DA:67,112
DA:68,112
DA:69,112
DA:70,112
DA:71,112
DA:72,112
DA:73,112
DA:74,112
DA:75,112
DA:76,112
DA:77,112
DA:78,112
DA:79,112
DA:80,112
DA:81,112
DA:82,112
DA:83,112
DA:84,112
DA:85,112
DA:86,112
DA:87,112
DA:88,112
DA:89,112
DA:90,112
DA:91,112
DA:92,112
DA:93,112
DA:94,112
DA:95,112
DA:96,112
DA:97,112
DA:98,112
DA:99,112
DA:100,112
DA:101,112
DA:102,112
DA:103,112
DA:104,112
DA:105,112
DA:106,112
DA:107,112
DA:108,112
DA:109,112
DA:110,112
DA:111,112
DA:112,112
DA:113,112
DA:114,112
DA:115,112
DA:116,112
DA:117,112
DA:118,112
DA:119,112
DA:120,112
DA:121,112
DA:122,112
DA:123,112
DA:124,112
DA:125,112
DA:126,112
DA:127,112
DA:128,112
DA:129,112
DA:130,112
DA:131,112
DA:132,112
DA:133,112
DA:134,112
DA:135,112
DA:136,112
DA:137,112
DA:138,112
DA:139,112
DA:140,112
DA:141,112
DA:142,112
DA:143,112
DA:144,112
DA:145,112
DA:146,112
DA:147,112
DA:148,112
DA:149,112
DA:150,112
DA:151,112
DA:152,112
DA:153,112
DA:154,112
DA:155,112
DA:156,112
DA:157,112
DA:158,112
DA:159,112
DA:160,112
DA:161,112
DA:162,112
DA:163,112
DA:164,112
DA:165,112
DA:166,112
DA:167,112
DA:168,112
DA:169,112
DA:170,112
DA:171,112
DA:172,112
DA:173,112
DA:174,112
DA:175,112
DA:176,112
DA:177,112
DA:178,112
DA:179,112
DA:180,112
DA:181,112
DA:182,112
DA:183,112
DA:184,112
DA:185,1
DA:186,1
LF:186
LH:180
BRDA:18,0,0,112
BRDA:84,1,0,0
BRDA:100,2,0,33
BRDA:100,3,0,79
BRDA:101,4,0,33
BRDA:101,5,0,79
BRDA:105,6,0,33
BRDA:105,7,0,79
BRDA:114,8,0,33
BRDA:114,9,0,79
BRDA:131,10,0,0
BRDA:132,11,0,0
BRDA:136,12,0,0
BRDA:145,13,0,0
BRDA:163,14,0,79
BRDA:163,15,0,33
BRDA:164,16,0,79
BRDA:164,17,0,33
BRDA:167,18,0,79
BRDA:167,19,0,33
BRDA:175,20,0,79
BRDA:175,21,0,33
BRDA:23,22,0,30
BRDA:24,23,0,3
BRDA:26,24,0,27
BRDA:26,25,0,0
BRF:26
BRH:20
end_of_record
TN:
SF:src/Components/Signup.jsx
FN:14,Signup
FN:30,validateName
FN:39,validateEmail
FN:48,validatePassword
FN:59,validateConfirmPassword
FN:68,handleSubmit
FN:123,onChange
FN:124,onBlur
FN:134,onChange
FN:135,onBlur
FN:146,onChange
FN:147,onBlur
FN:158,onChange
FN:159,onBlur
FNF:14
FNH:13
FNDA:31,Signup
FNDA:4,validateName
FNDA:5,validateEmail
FNDA:5,validatePassword
FNDA:5,validateConfirmPassword
FNDA:4,handleSubmit
FNDA:3,onChange
FNDA:0,onBlur
FNDA:4,onChange
FNDA:1,onBlur
FNDA:5,onChange
FNDA:1,onBlur
FNDA:4,onChange
FNDA:1,onBlur
DA:1,1
DA:2,1
DA:3,1
DA:4,1
DA:5,1
DA:6,1
DA:7,1
DA:8,1
DA:9,1
DA:10,1
DA:11,1
DA:12,1
DA:13,1
DA:14,1
DA:15,31
DA:16,31
DA:17,31
DA:18,31
DA:19,31
DA:20,31
DA:21,31
DA:22,31
DA:23,31
DA:24,31
DA:25,31
DA:26,31
DA:27,31
DA:28,31
DA:29,31
DA:30,31
DA:31,4
DA:32,1
DA:33,1
DA:34,1
DA:35,3
DA:36,3
DA:37,3
DA:38,31
DA:39,31
DA:40,5
DA:41,2
DA:42,2
DA:43,2
DA:44,3
DA:45,3
DA:46,3
DA:47,31
DA:48,31
DA:49,5
DA:50,2
DA:51,2
DA:52,2
DA:53,2
DA:54,2
DA:55,3
DA:56,3
DA:57,3
DA:58,31
DA:59,31
DA:60,5
DA:61,1
DA:62,1
DA:63,1
DA:64,4
DA:65,4
DA:66,4
DA:67,31
DA:68,31
DA:69,4
DA:70,4
DA:71,4
DA:72,4
DA:73,4
DA:74,4
DA:75,4
DA:76,4
DA:77,4
DA:78,4
DA:79,4
DA:80,4
DA:81,4
DA:82,3
DA:83,3
DA:84,3
DA:85,4
DA:86,3
DA:87,3
DA:88,3
DA:89,3
DA:90,3
DA:91,3
DA:92,3
DA:93,3
DA:94,1
DA:95,1
DA:96,1
DA:97,1
DA:98,1
DA:99,1
DA:100,1
DA:101,1
DA:102,3
DA:103,4
DA:104,1
DA:105,1
DA:106,1
DA:107,4
DA:108,31
DA:109,31
DA:110,31
DA:111,31
DA:112,31
DA:113,31
DA:114,31
DA:115,31
DA:116,31
DA:117,31
DA:118,31
DA:119,31
DA:120,31
DA:121,31
DA:122,31
DA:123,31
DA:124,31
DA:125,31
DA:126,31
DA:127,31
DA:128,31
DA:129,31
DA:130,31
DA:131,31
DA:132,31
DA:133,31
DA:134,31
DA:135,31
DA:136,31
DA:137,31
DA:138,31
DA:139,31
DA:140,31
DA:141,31
DA:142,31
DA:143,31
DA:144,31
DA:145,31
DA:146,31
DA:147,31
DA:148,31
DA:149,31
DA:150,31
DA:151,31
DA:152,31
DA:153,31
DA:154,31
DA:155,31
DA:156,31
DA:157,31
DA:158,31
DA:159,31
DA:160,31
DA:161,31
DA:162,31
DA:163,31
DA:164,31
DA:165,31
DA:166,31
DA:167,31
DA:168,31
DA:169,31
DA:170,31
DA:171,31
DA:172,31
DA:173,31
DA:174,31
DA:175,31
DA:176,31
DA:177,31
DA:178,31
DA:179,31
DA:180,31
DA:181,31
DA:182,31
DA:183,31
DA:184,1
DA:185,1
LF:185
LH:185
BRDA:14,0,0,31
BRDA:30,1,0,4
BRDA:31,2,0,1
BRDA:34,3,0,3
BRDA:39,4,0,5
BRDA:40,5,0,2
BRDA:43,6,0,3
BRDA:48,7,0,5
BRDA:49,8,0,2
BRDA:54,9,0,3
BRDA:59,10,0,5
BRDA:60,11,0,1
BRDA:63,12,0,4
BRDA:68,13,0,4
BRDA:81,14,0,3
BRDA:82,15,0,3
BRDA:83,16,0,3
BRDA:85,17,0,3
BRDA:92,18,0,2
BRDA:93,19,0,1
BRDA:95,20,0,0
BRDA:96,21,0,0
BRDA:103,22,0,1
BRDA:123,23,0,3
BRDA:134,24,0,4
BRDA:135,25,0,1
BRDA:146,26,0,5
BRDA:147,27,0,1
BRDA:158,28,0,4
BRDA:159,29,0,1
BRF:30
BRH:28
end_of_record
